<?xml version="1.0" encoding="UTF-8"?>
<testsuite name="org.example.app.MessageUtilsTest" tests="1" skipped="0" failures="0" errors="0" timestamp="2024-04-26T18:20:09" hostname="HONOR-PC" time="0.016">
  <properties/>
  <testcase name="testGetMessage()" classname="org.example.app.MessageUtilsTest" time="0.016"/>
  <system-out><![CDATA[]]></system-out>
  <system-err><![CDATA[]]></system-err>
</testsuite>
