<?xml version="1.0" encoding="UTF-8"?>
<testsuite name="org.example.list.LinkedListTest" tests="4" skipped="0" failures="0" errors="0" timestamp="2024-04-26T18:11:39" hostname="HONOR-PC" time="0.038">
  <properties/>
  <testcase name="testAdd()" classname="org.example.list.LinkedListTest" time="0.021"/>
  <testcase name="testRemoveMissing()" classname="org.example.list.LinkedListTest" time="0.001"/>
  <testcase name="testRemove()" classname="org.example.list.LinkedListTest" time="0.013"/>
  <testcase name="testConstructor()" classname="org.example.list.LinkedListTest" time="0.0"/>
  <system-out><![CDATA[]]></system-out>
  <system-err><![CDATA[]]></system-err>
</testsuite>
